<?xml version="1.0" encoding="UTF-8"?>
<!-- Generated by org.testng.reporters.JUnitReportReporter -->
<testsuite hostname="DESKTOP-FQIPPBB" failures="0" tests="3" name="Project.School_Assign" time="73.014" errors="0" timestamp="14 Sept 2023 12:09:25 GMT" skipped="0">
  <testcase classname="Project.School_Assign" name="Login" time="20.597"/>
  <testcase classname="Project.School_Assign" name="Dashboard" time="20.931"/>
  <testcase classname="Project.School_Assign" name="reports" time="31.486"/>
</testsuite> <!-- Project.School_Assign -->
